\BOOKMARK [1][-]{section.1}{Charakterystyka tematu projektu}{}% 1
\BOOKMARK [2][-]{subsection.1.1}{G\233\363wne cele aplikacji}{section.1}% 2
\BOOKMARK [2][-]{subsection.1.2}{Realizacja projektu}{section.1}% 3
\BOOKMARK [1][-]{section.2}{Specyfikacja finalnego produktu}{}% 4
\BOOKMARK [2][-]{subsection.2.1}{Aplikacja}{section.2}% 5
\BOOKMARK [3][-]{subsubsection.2.1.1}{Wymagania funkcjonalne}{subsection.2.1}% 6
\BOOKMARK [3][-]{subsubsection.2.1.2}{Wymagania niefunkcjonalne}{subsection.2.1}% 7
\BOOKMARK [2][-]{subsection.2.2}{System czujnik\363w}{section.2}% 8
\BOOKMARK [1][-]{section.3}{Terminarz realizacji poszczeg\363lnych podcel\363w}{}% 9
\BOOKMARK [1][-]{section.4}{Projekt graficznego interfejsu uzytkownika}{}% 10
\BOOKMARK [2][-]{subsection.4.1}{Widok wszystkich parametr\363w}{section.4}% 11
\BOOKMARK [2][-]{subsection.4.2}{Widok wype\233nienia}{section.4}% 12
\BOOKMARK [2][-]{subsection.4.3}{Widok temperatury}{section.4}% 13
\BOOKMARK [2][-]{subsection.4.4}{Wilgotnosc}{section.4}% 14
\BOOKMARK [2][-]{subsection.4.5}{Dane historyczne}{section.4}% 15
\BOOKMARK [1][-]{section.5}{Prezentacja wynik\363w pracy - 27.04.2023r.}{}% 16
\BOOKMARK [2][-]{subsection.5.1}{Protok\363\233 komunikacji}{section.5}% 17
\BOOKMARK [2][-]{subsection.5.2}{Aplikacja}{section.5}% 18
\BOOKMARK [1][-]{section.6}{Prezentacja wynik\363w pracy - 10.05.2023r}{}% 19
\BOOKMARK [2][-]{subsection.6.1}{Aplikacja}{section.6}% 20
\BOOKMARK [1][-]{section.7}{Prezentacja wynik\363w pracy - 01.06.2023r.}{}% 21
\BOOKMARK [2][-]{subsection.7.1}{Aplikacja}{section.7}% 22
\BOOKMARK [1][-]{section.8}{Podsumowanie}{}% 23
